{
"Type": "weather",//消息类型，包含：weather，message，gif，warn,class
    "Brightness": 2,//亮度调节
    "date": {
        "d1": 1,
        "d2": 2,
        "d3": 3
    },
    "bmp": [
        {
            "n": 32
        },
        {
            "n": 32
        },
        {
            "n": 33
        },
        {
            "n": 32
        },
        {
            "n": 32
        },
        {
            "n": 33
        },
        {
            "n": 32
        },
        {
            "n": 32
        },
        {
            "n": 33
        },
        {
            "n": 32
        },
        {
            "n": 32
        },
        {
            "n": 33
        },
        {
            "n": 32
        },
        {
            "n": 32
        },
        {
            "n": 33
        },
        {
            "n": 32
        },
        {
            "n": 32
        },
        {
            "n": 33
        },
        {
            "n": 32
        },
        {
            "n": 32
        },
        {
            "n": 33
        },
        {
            "n": 32
        },
        {
            "n": 32
        },
        {
            "n": 33
        },
        {
            "n": 32
        },
        {
            "n": 32
        },
        {
            "n": 33
        },
        {
            "n": 255
        },
        {
            "n": 255
        },
        {
            "n": 255
        },
        {
            "n": 255
        },
        {
            "n": 255
        },
        {
            "n": 255
        },
        {
            "n": 255
        },
        {
            "n": 255
        },
        {
            "n": 255
        },
        {
            "n": 255
        },
        {
            "n": 255
        },
        {
            "n": 255
        },
        {
            "n": 255
        },
        {
            "n": 255
        },
        {
            "n": 255
        },
        {
            "n": 255
        },
        {
            "n": 255
        },
        {
            "n": 255
        },
        {
            "n": 32
        },
        {
            "n": 32
        },
        {
            "n": 33
        },
        {
            "n": 255
        },
        {
            "n": 255
        },
        {
            "n": 255
        },
        {
            "n": 77
        },
        {
            "n": 0
        },
        {
            "n": 255
        },
        {
            "n": 77
        },
        {
            "n": 0
        },
        {
            "n": 255
        },
        {
            "n": 255
        },
        {
            "n": 255
        },
        {
            "n": 255
        },
        {
            "n": 32
        },
        {
            "n": 32
        },
        {
            "n": 33
        },
        {
            "n": 255
        },
        {
            "n": 255
        },
        {
            "n": 255
        },
        {
            "n": 255
        },
        {
            "n": 255
        },
        {
            "n": 255
        },
        {
            "n": 255
        },
        {
            "n": 255
        },
        {
            "n": 255
        },
        {
            "n": 32
        },
        {
            "n": 32
        },
        {
            "n": 33
        },
        {
            "n": 32
        },
        {
            "n": 32
        },
        {
            "n": 33
        },
        {
            "n": 32
        },
        {
            "n": 32
        },
        {
            "n": 33
        },
        {
            "n": 255
        },
        {
            "n": 255
        },
        {
            "n": 255
        },
        {
            "n": 255
        },
        {
            "n": 255
        },
        {
            "n": 255
        },
        {
            "n": 255
        },
        {
            "n": 255
        },
        {
            "n": 255
        },
        {
            "n": 77
        },
        {
            "n": 0
        },
        {
            "n": 255
        },
        {
            "n": 255
        },
        {
            "n": 255
        },
        {
            "n": 255
        },
        {
            "n": 32
        },
        {
            "n": 32
        },
        {
            "n": 33
        },
        {
            "n": 32
        },
        {
            "n": 32
        },
        {
            "n": 33
        },
        {
            "n": 32
        },
        {
            "n": 32
        },
        {
            "n": 33
        },
        {
            "n": 255
        },
        {
            "n": 255
        },
        {
            "n": 255
        },
        {
            "n": 255
        },
        {
            "n": 255
        },
        {
            "n": 255
        },
        {
            "n": 255
        },
        {
            "n": 255
        },
        {
            "n": 255
        },
        {
            "n": 77
        },
        {
            "n": 0
        },
        {
            "n": 255
        },
        {
            "n": 255
        },
        {
            "n": 255
        },
        {
            "n": 255
        },
        {
            "n": 255
        },
        {
            "n": 255
        },
        {
            "n": 255
        },
        {
            "n": 77
        },
        {
            "n": 0
        },
        {
            "n": 255
        },
        {
            "n": 77
        },
        {
            "n": 0
        },
        {
            "n": 255
        },
        {
            "n": 255
        },
        {
            "n": 255
        },
        {
            "n": 255
        },
        {
            "n": 32
        },
        {
            "n": 32
        },
        {
            "n": 33
        },
        {
            "n": 255
        },
        {
            "n": 255
        },
        {
            "n": 255
        },
        {
            "n": 255
        },
        {
            "n": 255
        },
        {
            "n": 255
        },
        {
            "n": 255
        },
        {
            "n": 255
        },
        {
            "n": 255
        },
        {
            "n": 32
        },
        {
            "n": 32
        },
        {
            "n": 33
        },
        {
            "n": 255
        },
        {
            "n": 255
        },
        {
            "n": 255
        },
        {
            "n": 255
        },
        {
            "n": 255
        },
        {
            "n": 255
        },
        {
            "n": 255
        },
        {
            "n": 255
        },
        {
            "n": 255
        },
        {
            "n": 255
        },
        {
            "n": 255
        },
        {
            "n": 255
        },
        {
            "n": 255
        },
        {
            "n": 255
        },
        {
            "n": 255
        },
        {
            "n": 255
        },
        {
            "n": 255
        },
        {
            "n": 255
        },
        {
            "n": 32
        },
        {
            "n": 32
        },
        {
            "n": 33
        },
        {
            "n": 32
        },
        {
            "n": 32
        },
        {
            "n": 33
        },
        {
            "n": 32
        },
        {
            "n": 32
        },
        {
            "n": 33
        },
        {
            "n": 32
        },
        {
            "n": 32
        },
        {
            "n": 33
        },
        {
            "n": 32
        },
        {
            "n": 32
        },
        {
            "n": 33
        },
        {
            "n": 32
        },
        {
            "n": 32
        },
        {
            "n": 33
        },
        {
            "n": 32
        },
        {
            "n": 32
        },
        {
            "n": 33
        },
        {
            "n": 32
        },
        {
            "n": 32
        },
        {
            "n": 33
        },
        {
            "n": 32
        },
        {
            "n": 32
        },
        {
            "n": 33
        }
    ]
}
